<testsuites>
	<testsuite tests="1" name="https://github.com/ianstormtaylor/awesome-heroku">
		<testcase classname="awesome-lint" name="no-file-name-mixed-case">
			<failure> Do not mix casing in file names </failure>
		</testcase>
		<testcase classname="awesome-lint" name="no-heading-punctuation">
			<failure> Don’t add a trailing `.` to headings </failure>
		</testcase>
		<testcase classname="awesome-lint" name="awesome/license">
			<failure> Missing License section </failure>
		</testcase>
		<testcase classname="awesome-lint" name="awesome/spell-check">
			<failure> Text "StackOverflow" should be written as "Stack Overflow" </failure>
		</testcase>
		<testcase classname="awesome-lint" name="awesome/toc">
			<failure> Missing or invalid Table of Contents </failure>
		</testcase>
	</testsuite>
	<testsuite tests="1" name="../readme.md">
		<testcase classname="awesome-lint" name="Lint checks">
		</testcase>
	</testsuite>
</testsuites>